<?xml version="1.0" encoding="UTF-8"?>
<!-- Generated by org.testng.reporters.JUnitReportReporter -->
<testsuite hostname="DESKTOP-ML284IJ" failures="0" tests="1" name="com.duosasinos.testcases.HomePageTest" time="8.578" errors="0" timestamp="2022-10-05T11:42:28 IST" skipped="0">
  <testcase classname="com.duosasinos.testcases.HomePageTest" name="TestOutsourceReadmorebutton" time="8.578"/>
  <system-out/>
</testsuite> <!-- com.duosasinos.testcases.HomePageTest -->
