<?xml version="1.0" encoding="UTF-8"?>
<!-- Generated by org.testng.reporters.JUnitReportReporter -->
<testsuite hostname="DESKTOP-ML284IJ" failures="0" tests="5" name="com.duosasinos.testcases.ServicePageTest" time="29.122" errors="0" timestamp="2022-10-07T21:20:34 IST" skipped="0">
  <testcase classname="com.duosasinos.testcases.ServicePageTest" name="TestReseachandAlgorithmsReadmoreButton" time="6.582"/>
  <system-out/>
  <testcase classname="com.duosasinos.testcases.ServicePageTest" name="TestLegacySoftwareReadmoreButton" time="4.167"/>
  <system-out/>
  <testcase classname="com.duosasinos.testcases.ServicePageTest" name="TestVisualDesignReadmoreButton" time="7.196"/>
  <system-out/>
  <testcase classname="com.duosasinos.testcases.ServicePageTest" name="TestQualityAssuranceReadmoreButton" time="5.657"/>
  <system-out/>
  <testcase classname="com.duosasinos.testcases.ServicePageTest" name="TestPrintDesignReadmoreButton" time="5.520"/>
  <system-out/>
</testsuite> <!-- com.duosasinos.testcases.ServicePageTest -->
