<?xml version="1.0" encoding="UTF-8"?>
<!-- Generated by org.testng.reporters.JUnitReportReporter -->
<testsuite hostname="DESKTOP-ML284IJ" failures="0" tests="5" name="com.duosasinos.testcases.HomePageTest" time="57.262" errors="0" timestamp="2022-10-07T21:20:34 IST" skipped="0">
  <testcase classname="com.duosasinos.testcases.HomePageTest" name="TestScrollbutton" time="6.209"/>
  <system-out/>
  <testcase classname="com.duosasinos.testcases.HomePageTest" name="TestOutsourceReadmorebutton" time="8.959"/>
  <system-out/>
  <testcase classname="com.duosasinos.testcases.HomePageTest" name="TestSliderOurServicesReadmorebutton" time="13.864"/>
  <system-out/>
  <testcase classname="com.duosasinos.testcases.HomePageTest" name="TestSliderTeamsReadmorebutton" time="21.523"/>
  <system-out/>
  <testcase classname="com.duosasinos.testcases.HomePageTest" name="TestSliderDuosasinosReadmorebutton" time="6.707"/>
  <system-out/>
</testsuite> <!-- com.duosasinos.testcases.HomePageTest -->
