<?xml version="1.0" encoding="UTF-8"?>
<!-- Generated by org.testng.reporters.JUnitReportReporter -->
<testsuite hostname="DESKTOP-ML284IJ" failures="0" tests="6" name="com.duosasinos.testcases.ServicePageTest" time="20.472" errors="0" timestamp="2022-10-10T13:33:06 IST" skipped="0">
  <testcase classname="com.duosasinos.testcases.ServicePageTest" name="TestQualityAssuranceReadmoreButton" time="3.073"/>
  <system-out/>
  <testcase classname="com.duosasinos.testcases.ServicePageTest" name="TestReseachandAlgorithmsReadmoreButton" time="2.697"/>
  <system-out/>
  <testcase classname="com.duosasinos.testcases.ServicePageTest" name="TestLegacySoftwareReadmoreButton" time="4.042"/>
  <system-out/>
  <testcase classname="com.duosasinos.testcases.ServicePageTest" name="TestSoftwareDevelopmentReadmoreButton" time="3.832"/>
  <system-out/>
  <testcase classname="com.duosasinos.testcases.ServicePageTest" name="TestVisualDesignReadmoreButton" time="3.514"/>
  <system-out/>
  <testcase classname="com.duosasinos.testcases.ServicePageTest" name="TestPrintDesignReadmoreButton" time="3.314"/>
  <system-out/>
</testsuite> <!-- com.duosasinos.testcases.ServicePageTest -->
